(node:38197) [MODULE_TYPELESS_PACKAGE_JSON] Warning: Module type of file:///home/jesus/Documentos/proyecto_PAUF/server.js is not specified and it doesn't parse as CommonJS.
Reparsing as ES module because module syntax was detected. This incurs a performance overhead.
To eliminate this warning, add "type": "module" to /home/jesus/Documentos/proyecto_PAUF/package.json.
(Use `node --trace-warnings ...` to show where the warning was created)
[dotenv@17.2.3] injecting env (2) from .env -- tip: ✅ audit secrets and track compliance: https://dotenvx.com/ops
Servidor corriendo en http://localhost:3000
¡¡¡ConectDatos recibidos: { username: '54', password: '4' }
Resultado de búsqueda: null
Datos recibidos: { username: 'admin', password: '1234' }
Resultado de búsqueda: null
Datos recibidos: { username: 'aa', password: 'aa' }
Resultado de búsqueda: null
Datos recibidos: { username: 'admin', password: '1234' }
Resultado de búsqueda: {
  _id: new ObjectId('693450064ee51c7f3f2a5802'),
  username: 'admin',
  password: '1234',
  name: 'Administrador',
  rol: 'admin',
  __v: 0
}
Datos recibidos: { username: 'arbitro', password: '1234' }
Resultado de búsqueda: {
  _id: new ObjectId('6934512dfe96d56cad837ed9'),
  username: 'arbitro',
  password: '1234',
  name: 'Arbitro',
  rol: 'arbitro',
  __v: 0
}
Datos recibidos: { username: 'arbitro', password: '1234u' }
Resultado de búsqueda: null
Datos recibidos: { username: 'arbitro3', password: '1234' }
Resultado de búsqueda: null
Datos recibidos: { username: 'arbitro2', password: '1234' }
Resultado de búsqueda: {
  _id: new ObjectId('6934517d595a3f1938a960b6'),
  username: 'arbitro2',
  password: '1234',
  name: 'arbitro2',
  rol: 'arbitro',
  __v: 0
}
Datos recibidos: { username: 'admin', password: '1234' }
Resultado de búsqueda: {
  _id: new ObjectId('693450064ee51c7f3f2a5802'),
  username: 'admin',
  password: '1234',
  name: 'Administrador',
  rol: 'admin',
  __v: 0
}
Datos recibidos: { username: 'jugador', password: '1234' }
Resultado de búsqueda: null
Datos recibidos: { username: 'jugador1', password: '1234' }
Resultado de búsqueda: {
  _id: new ObjectId('693450f9edec528ae52ccc2c'),
  username: 'jugador1',
  password: '1234',
  name: 'Jugador1',
  rol: 'jugador',
  __v: 0
}
